<?xml version="1.0" encoding="UTF-8"?>
<testng-results ignored="0" total="1" passed="1" failed="0" skipped="0">
  <reporter-output>
    <line>
      <![CDATA[webpage launched]]>
    </line>
  </reporter-output>
  <suite started-at="2024-06-04T22:09:11 IST" name="Default suite" finished-at="2024-06-04T22:09:21 IST" duration-ms="9731">
    <groups>
    </groups>
    <test started-at="2024-06-04T22:09:11 IST" name="Default test" finished-at="2024-06-04T22:09:21 IST" duration-ms="9731">
      <class name="login.TestScript">
        <test-method is-config="true" signature="launchBrowser()[pri:0, instance:login.TestScript@1a482e36]" started-at="2024-06-04T22:09:11 IST" name="launchBrowser" finished-at="2024-06-04T22:09:16 IST" duration-ms="5240" status="PASS">
          <reporter-output>
          </reporter-output>
        </test-method> <!-- launchBrowser -->
        <test-method is-config="true" signature="login()[pri:0, instance:login.TestScript@1a482e36]" started-at="2024-06-04T22:09:16 IST" name="login" finished-at="2024-06-04T22:09:19 IST" duration-ms="2761" status="PASS">
          <reporter-output>
          </reporter-output>
        </test-method> <!-- login -->
        <test-method signature="execute()[pri:0, instance:login.TestScript@1a482e36]" started-at="2024-06-04T22:09:19 IST" name="execute" finished-at="2024-06-04T22:09:19 IST" duration-ms="12" status="PASS">
          <reporter-output>
            <line>
              <![CDATA[webpage launched]]>
            </line>
          </reporter-output>
        </test-method> <!-- execute -->
        <test-method is-config="true" signature="logout()[pri:0, instance:login.TestScript@1a482e36]" started-at="2024-06-04T22:09:19 IST" name="logout" finished-at="2024-06-04T22:09:20 IST" duration-ms="1304" status="PASS">
          <reporter-output>
          </reporter-output>
        </test-method> <!-- logout -->
        <test-method is-config="true" signature="closeBrowser()[pri:0, instance:login.TestScript@1a482e36]" started-at="2024-06-04T22:09:20 IST" name="closeBrowser" finished-at="2024-06-04T22:09:21 IST" duration-ms="181" status="PASS">
          <reporter-output>
          </reporter-output>
        </test-method> <!-- closeBrowser -->
      </class> <!-- login.TestScript -->
    </test> <!-- Default test -->
  </suite> <!-- Default suite -->
</testng-results>
